<?xml version="1.0" encoding="UTF-8"?>
<!-- Generated by org.testng.reporters.JUnitXMLReporter -->
<testsuite hostname="DESKTOP-18B12HC" ignored="0" name="Grouping Testing" tests="4" failures="0" timestamp="2022-04-18T00:52:01 IST" time="0.187" errors="0">
  <testcase name="testCase1" time="0.016" classname="org.obs.testNGCommands.GroupingTest"/>
  <testcase name="testCase2" time="0.0" classname="org.obs.testNGCommands.GroupingTest"/>
  <testcase name="testCase3" time="0.0" classname="org.obs.testNGCommands.GroupingTest"/>
  <testcase name="testCase4" time="0.016" classname="org.obs.testNGCommands.GroupingTest"/>
</testsuite> <!-- Grouping Testing -->
